SF:lib\ch1\collections.dart
DA:6,0
DA:19,0
DA:20,0
DA:24,0
DA:25,0
DA:27,0
DA:28,0
DA:29,0
DA:30,0
DA:31,0
DA:34,0
DA:35,0
DA:37,0
DA:38,0
DA:46,0
DA:47,0
DA:48,0
DA:50,0
DA:51,0
DA:54,0
DA:55,0
DA:58,0
DA:59,0
DA:68,0
DA:69,0
DA:71,0
DA:72,0
DA:77,0
DA:78,0
DA:81,0
DA:82,0
DA:85,0
DA:86,0
DA:89,0
DA:90,0
DA:93,0
DA:94,0
DA:98,0
DA:99,0
DA:101,0
DA:102,0
DA:105,0
DA:106,0
DA:109,0
DA:110,0
DA:122,0
DA:123,0
DA:125,0
DA:132,0
DA:141,0
DA:142,0
DA:146,0
DA:147,0
DA:150,0
DA:151,0
DA:155,0
DA:156,0
DA:158,0
DA:159,0
DA:163,0
DA:164,0
DA:167,0
DA:168,0
DA:178,0
DA:183,0
DA:191,0
DA:192,0
DA:194,0
DA:195,0
DA:200,0
DA:201,0
DA:202,0
DA:205,0
DA:206,0
DA:209,0
DA:212,0
DA:213,0
DA:216,0
DA:217,0
DA:220,0
DA:221,0
DA:224,0
DA:225,0
DA:230,0
LF:84
LH:0
end_of_record
SF:lib\ch1\for_loop.dart
DA:2,0
DA:4,0
DA:5,0
DA:6,0
DA:7,0
DA:14,0
DA:15,0
DA:23,0
DA:24,0
DA:28,0
DA:29,0
DA:35,0
DA:37,0
DA:38,0
DA:46,0
DA:47,0
DA:49,0
DA:53,0
DA:54,0
DA:63,0
DA:64,0
DA:66,0
DA:69,0
DA:70,0
DA:77,0
DA:78,0
DA:81,0
DA:83,0
DA:84,0
LF:29
LH:0
end_of_record
SF:lib\ch1\method.dart
DA:4,0
DA:6,0
DA:9,0
DA:13,0
DA:18,0
DA:19,0
DA:29,0
DA:31,0
DA:33,0
DA:35,0
DA:39,0
DA:41,0
DA:42,0
DA:44,0
DA:46,0
DA:47,0
DA:52,0
DA:55,0
DA:56,0
DA:64,0
DA:65,0
DA:70,0
DA:71,0
DA:75,0
DA:76,0
DA:82,0
DA:83,0
DA:87,0
DA:88,0
LF:29
LH:0
end_of_record
SF:lib\ch2\animal\bird.dart
DA:18,0
DA:24,0
DA:28,0
DA:32,0
DA:36,0
DA:37,0
LF:6
LH:0
end_of_record
SF:lib\ch2\animal\dog.dart
DA:17,0
DA:22,0
DA:26,0
DA:30,0
DA:34,0
DA:39,0
DA:41,0
DA:44,0
DA:45,0
LF:9
LH:0
end_of_record
SF:lib\ch2\animal\lion.dart
DA:17,0
DA:22,0
DA:27,0
DA:32,0
DA:34,0
DA:37,0
DA:42,0
LF:7
LH:0
end_of_record
SF:lib\ch2\ch2_homework\benz.dart
DA:6,0
DA:10,0
DA:11,0
DA:14,0
DA:16,0
LF:5
LH:0
end_of_record
SF:lib\ch2\ch2_homework\genesis.dart
DA:4,0
DA:8,0
DA:9,0
LF:3
LH:0
end_of_record
SF:lib\ch2\ch2_homework\sonata.dart
DA:4,0
DA:8,0
DA:9,0
LF:3
LH:0
end_of_record
SF:lib\ch2\person.dart
DA:37,0
DA:49,0
DA:50,0
DA:53,0
DA:55,0
LF:5
LH:0
end_of_record
SF:lib\ch2\ch2_homework\car.dart
DA:7,0
DA:16,0
DA:17,0
DA:19,0
DA:20,0
DA:23,0
DA:25,0
LF:7
LH:0
end_of_record
SF:lib\main.dart
DA:8,0
DA:11,0
DA:15,1
DA:17,0
DA:19,0
DA:21,0
DA:25,0
LF:7
LH:1
end_of_record
SF:lib\ch2\animal\animal_SS.dart
DA:8,0
DA:19,0
DA:21,0
LF:3
LH:0
end_of_record
SF:lib\ch3\widgets\column_row_widget.dart
DA:8,0
DA:10,0
DA:12,0
DA:14,0
DA:15,0
DA:17,0
DA:19,0
DA:20,0
DA:21,0
DA:27,0
DA:28,0
DA:30,0
DA:31,0
DA:37,0
DA:39,0
DA:40,0
DA:41,0
DA:59,0
DA:61,0
DA:62,0
DA:64,0
DA:77,0
DA:78,0
LF:23
LH:0
end_of_record
SF:lib\ch3\widgets\column_widget.dart
DA:4,0
DA:6,0
DA:15,0
DA:20,0
DA:22,0
DA:24,0
DA:25,0
DA:26,0
DA:50,0
DA:55,0
LF:10
LH:0
end_of_record
SF:lib\ch3\widgets\containter_widget.dart
DA:6,0
DA:8,0
DA:11,0
DA:50,0
DA:58,0
DA:106,0
DA:109,0
DA:110,0
DA:111,0
DA:121,0
LF:10
LH:0
end_of_record
SF:lib\ch3\widgets\row_widget.dart
DA:4,0
DA:6,0
DA:8,0
DA:10,0
DA:11,0
DA:13,0
DA:16,0
DA:21,0
DA:30,0
DA:31,0
DA:34,0
DA:36,0
LF:12
LH:0
end_of_record
SF:lib\ch3\widgets\row_widget_test.dart
DA:4,0
DA:6,0
DA:8,0
DA:10,0
DA:13,0
DA:15,0
DA:16,0
DA:17,0
DA:18,0
DA:47,0
DA:48,0
DA:51,0
DA:53,0
LF:13
LH:0
end_of_record
SF:lib\ch3\widgets\text_widget.dart
DA:4,0
DA:6,0
DA:9,0
DA:10,0
DA:15,0
DA:17,0
DA:50,0
LF:7
LH:0
end_of_record
SF:lib\home_screen.dart
DA:15,0
DA:17,0
DA:21,0
DA:22,0
DA:24,0
LF:5
LH:0
end_of_record
